<?xml version="1.0" encoding="UTF-8"?>
<testsuite name="ContactInfoTest" tests="7" skipped="0" failures="0" errors="0" timestamp="2019-10-28T19:15:04" hostname="DESKTOP-PTI2NAV" time="0.006">
  <properties/>
  <testcase name="getWebsite" classname="ContactInfoTest" time="0.001"/>
  <testcase name="testToString" classname="ContactInfoTest" time="0.0"/>
  <testcase name="getPhone1" classname="ContactInfoTest" time="0.0"/>
  <testcase name="getPhone2" classname="ContactInfoTest" time="0.0"/>
  <testcase name="testHashCode" classname="ContactInfoTest" time="0.0"/>
  <testcase name="testEquals" classname="ContactInfoTest" time="0.0"/>
  <testcase name="getEmail" classname="ContactInfoTest" time="0.002"/>
  <system-out><![CDATA[]]></system-out>
  <system-err><![CDATA[]]></system-err>
</testsuite>
