<?xml version="1.0" encoding="UTF-8"?>
<testsuite name="NameTest" tests="5" skipped="0" failures="0" errors="0" timestamp="2019-10-28T19:15:04" hostname="DESKTOP-PTI2NAV" time="0.01">
  <properties/>
  <testcase name="testToString" classname="NameTest" time="0.001"/>
  <testcase name="getFirstName" classname="NameTest" time="0.001"/>
  <testcase name="getLastName" classname="NameTest" time="0.0"/>
  <testcase name="testHashCode" classname="NameTest" time="0.001"/>
  <testcase name="testEquals" classname="NameTest" time="0.001"/>
  <system-out><![CDATA[]]></system-out>
  <system-err><![CDATA[]]></system-err>
</testsuite>
