<?xml version="1.0" encoding="UTF-8"?>
<testsuite name="RecepientNotFoundExceptionTest" tests="1" skipped="0" failures="0" errors="0" timestamp="2019-10-28T19:15:04" hostname="DESKTOP-PTI2NAV" time="0.0">
  <properties/>
  <testcase name="testReservationFailExceptionTest" classname="RecepientNotFoundExceptionTest" time="0.0"/>
  <system-out><![CDATA[]]></system-out>
  <system-err><![CDATA[]]></system-err>
</testsuite>
