<?xml version="1.0" encoding="UTF-8"?>
<testsuite name="AddressInfoTest" tests="9" skipped="0" failures="0" errors="0" timestamp="2019-10-28T19:15:04" hostname="DESKTOP-PTI2NAV" time="0.007">
  <properties/>
  <testcase name="getZip" classname="AddressInfoTest" time="0.003"/>
  <testcase name="getCompanyName" classname="AddressInfoTest" time="0.0"/>
  <testcase name="testToString" classname="AddressInfoTest" time="0.001"/>
  <testcase name="getAddress" classname="AddressInfoTest" time="0.0"/>
  <testcase name="getCity" classname="AddressInfoTest" time="0.0"/>
  <testcase name="getCounty" classname="AddressInfoTest" time="0.0"/>
  <testcase name="testHashCode" classname="AddressInfoTest" time="0.0"/>
  <testcase name="testEquals" classname="AddressInfoTest" time="0.0"/>
  <testcase name="getState" classname="AddressInfoTest" time="0.0"/>
  <system-out><![CDATA[]]></system-out>
  <system-err><![CDATA[]]></system-err>
</testsuite>
