<?xml version="1.0" encoding="UTF-8"?>
<testsuite name="ResultGeneratorTest" tests="1" skipped="0" failures="0" errors="0" timestamp="2019-10-15T03:02:36" hostname="DESKTOP-PTI2NAV" time="0.006">
  <properties/>
  <testcase name="calculates" classname="ResultGeneratorTest" time="0.006"/>
  <system-out><![CDATA[]]></system-out>
  <system-err><![CDATA[]]></system-err>
</testsuite>
