<?xml version="1.0" encoding="UTF-8"?>
<testsuite name="BelacquaTest" tests="2" skipped="0" failures="0" errors="0" timestamp="2019-10-15T03:02:36" hostname="DESKTOP-PTI2NAV" time="0.001">
  <properties/>
  <testcase name="getColors" classname="BelacquaTest" time="0.001"/>
  <testcase name="getIncludeHandle" classname="BelacquaTest" time="0.0"/>
  <system-out><![CDATA[]]></system-out>
  <system-err><![CDATA[]]></system-err>
</testsuite>
