<?xml version="1.0" encoding="UTF-8"?>
<testsuite name="AtreidesTest" tests="2" skipped="0" failures="0" errors="0" timestamp="2019-10-15T03:02:36" hostname="DESKTOP-PTI2NAV" time="0.004">
  <properties/>
  <testcase name="setMaxShelfNum" classname="AtreidesTest" time="0.003"/>
  <testcase name="getColors" classname="AtreidesTest" time="0.001"/>
  <system-out><![CDATA[]]></system-out>
  <system-err><![CDATA[]]></system-err>
</testsuite>
