<?xml version="1.0" encoding="UTF-8"?>
<testsuite name="DoorTest" tests="1" skipped="0" failures="0" errors="0" timestamp="2019-10-15T03:02:36" hostname="DESKTOP-PTI2NAV" time="0.002">
  <properties/>
  <testcase name="getIncludeHandle" classname="DoorTest" time="0.002"/>
  <system-out><![CDATA[]]></system-out>
  <system-err><![CDATA[]]></system-err>
</testsuite>
