<?xml version="1.0" encoding="UTF-8"?>
<testsuite name="CabinetTest" tests="5" skipped="0" failures="0" errors="0" timestamp="2019-10-15T03:02:36" hostname="DESKTOP-PTI2NAV" time="0.001">
  <properties/>
  <testcase name="getWallMountOption" classname="CabinetTest" time="0.0"/>
  <testcase name="setMaxShelfNum" classname="CabinetTest" time="0.0"/>
  <testcase name="getFloorMountOption" classname="CabinetTest" time="0.0"/>
  <testcase name="getEarthquakeSafety" classname="CabinetTest" time="0.0"/>
  <testcase name="getDepth" classname="CabinetTest" time="0.0"/>
  <system-out><![CDATA[]]></system-out>
  <system-err><![CDATA[]]></system-err>
</testsuite>
