<?xml version="1.0" encoding="UTF-8"?>
<testsuite name="assignment1.BaseballPlayerTest" tests="3" skipped="0" failures="0" errors="0" timestamp="2019-10-02T21:53:25" hostname="DESKTOP-PTI2NAV" time="0.005">
  <properties/>
  <testcase name="getSeasonHR" classname="assignment1.BaseballPlayerTest" time="0.003"/>
  <testcase name="getTeam" classname="assignment1.BaseballPlayerTest" time="0.0"/>
  <testcase name="getBatAvg" classname="assignment1.BaseballPlayerTest" time="0.0"/>
  <system-out><![CDATA[]]></system-out>
  <system-err><![CDATA[]]></system-err>
</testsuite>
