<?xml version="1.0" encoding="UTF-8"?>
<testsuite name="assignment4.VenueTest" tests="6" skipped="0" failures="0" errors="0" timestamp="2019-10-21T22:38:33" hostname="DESKTOP-PTI2NAV" time="0.003">
  <properties/>
  <testcase name="getSectionList" classname="assignment4.VenueTest" time="0.001"/>
  <testcase name="testHashCode" classname="assignment4.VenueTest" time="0.0"/>
  <testcase name="getNormalSeatAvail" classname="assignment4.VenueTest" time="0.001"/>
  <testcase name="testEquals" classname="assignment4.VenueTest" time="0.0"/>
  <testcase name="getSeatAvailable" classname="assignment4.VenueTest" time="0.0"/>
  <testcase name="getWheelchairSeatAvail" classname="assignment4.VenueTest" time="0.001"/>
  <system-out><![CDATA[]]></system-out>
  <system-err><![CDATA[]]></system-err>
</testsuite>
