<?xml version="1.0" encoding="UTF-8"?>
<testsuite name="assignment4.SectionTest" tests="7" skipped="0" failures="0" errors="0" timestamp="2019-10-21T22:38:33" hostname="DESKTOP-PTI2NAV" time="0.004">
  <properties/>
  <testcase name="getNumRegSeat" classname="assignment4.SectionTest" time="0.001"/>
  <testcase name="updateNumWheelchairSeat" classname="assignment4.SectionTest" time="0.0"/>
  <testcase name="getSectionNum" classname="assignment4.SectionTest" time="0.0"/>
  <testcase name="getNumWheelchairSeat" classname="assignment4.SectionTest" time="0.0"/>
  <testcase name="testHashCode" classname="assignment4.SectionTest" time="0.0"/>
  <testcase name="updateNumRegSeat" classname="assignment4.SectionTest" time="0.0"/>
  <testcase name="testEquals" classname="assignment4.SectionTest" time="0.0"/>
  <system-out><![CDATA[]]></system-out>
  <system-err><![CDATA[]]></system-err>
</testsuite>
