<?xml version="1.0" encoding="UTF-8"?>
<testsuite name="assignment4.RequestProcessorTest" tests="7" skipped="0" failures="0" errors="0" timestamp="2019-10-21T22:38:33" hostname="DESKTOP-PTI2NAV" time="0.03">
  <properties/>
  <testcase name="parseData" classname="assignment4.RequestProcessorTest" time="0.015"/>
  <testcase name="getAttendee" classname="assignment4.RequestProcessorTest" time="0.001"/>
  <testcase name="getGroupName" classname="assignment4.RequestProcessorTest" time="0.001"/>
  <testcase name="testHashCode" classname="assignment4.RequestProcessorTest" time="0.001"/>
  <testcase name="getLeaderName" classname="assignment4.RequestProcessorTest" time="0.003"/>
  <testcase name="testEquals" classname="assignment4.RequestProcessorTest" time="0.001"/>
  <testcase name="getWheelchair" classname="assignment4.RequestProcessorTest" time="0.003"/>
  <system-out><![CDATA[]]></system-out>
  <system-err><![CDATA[]]></system-err>
</testsuite>
