<?xml version="1.0" encoding="UTF-8"?>
<testsuite name="assignment4.ReservationFailExceptionTest" tests="1" skipped="0" failures="0" errors="0" timestamp="2019-10-21T22:38:33" hostname="DESKTOP-PTI2NAV" time="0.001">
  <properties/>
  <testcase name="testReservationFailExceptionTest" classname="assignment4.ReservationFailExceptionTest" time="0.001"/>
  <system-out><![CDATA[]]></system-out>
  <system-err><![CDATA[]]></system-err>
</testsuite>
