<?xml version="1.0" encoding="UTF-8"?>
<testsuite name="assignment4.GroupLeaderTest" tests="4" skipped="0" failures="0" errors="0" timestamp="2019-10-21T22:38:33" hostname="DESKTOP-PTI2NAV" time="0.009">
  <properties/>
  <testcase name="testToString" classname="assignment4.GroupLeaderTest" time="0.003"/>
  <testcase name="getName" classname="assignment4.GroupLeaderTest" time="0.0"/>
  <testcase name="testHashCode" classname="assignment4.GroupLeaderTest" time="0.0"/>
  <testcase name="testEquals" classname="assignment4.GroupLeaderTest" time="0.001"/>
  <system-out><![CDATA[]]></system-out>
  <system-err><![CDATA[]]></system-err>
</testsuite>
