<?xml version="1.0" encoding="UTF-8"?>
<testsuite name="assignment8.MessageIdentifierTest" tests="1" skipped="0" failures="0" errors="0" timestamp="2019-12-03T04:46:57" hostname="DESKTOP-PTI2NAV" time="0.007">
  <properties/>
  <testcase name="getValue" classname="assignment8.MessageIdentifierTest" time="0.007"/>
  <system-out><![CDATA[]]></system-out>
  <system-err><![CDATA[]]></system-err>
</testsuite>
